<?xml version="1.0" encoding="UTF-8"?>
<testng-results ignored="0" total="2" passed="2" failed="0" skipped="0">
  <reporter-output>
  </reporter-output>
  <suite started-at="2019-12-24T19:10:34 CST" name="All Test Suite" finished-at="2019-12-24T19:10:52 CST" duration-ms="18319">
    <groups>
    </groups>
    <test started-at="2019-12-24T19:10:34 CST" name="C:/Users/bay/IdeaProjects/shoppingOnTaobao/src/main/java/testCases/CaseLogin.java" finished-at="2019-12-24T19:10:42 CST" duration-ms="8147">
      <class name="testCases.CaseLogin">
        <test-method is-config="true" signature="init()[pri:0, instance:testCases.CaseLogin@3104351d]" started-at="2019-12-24T19:10:34 CST" name="init" finished-at="2019-12-24T19:10:36 CST" duration-ms="2019" status="PASS">
          <reporter-output>
          </reporter-output>
        </test-method> <!-- init -->
        <test-method signature="loginCase()[pri:0, instance:testCases.CaseLogin@3104351d]" started-at="2019-12-24T19:10:36 CST" name="loginCase" finished-at="2019-12-24T19:10:42 CST" duration-ms="5937" status="PASS">
          <reporter-output>
          </reporter-output>
        </test-method> <!-- loginCase -->
        <test-method is-config="true" signature="close()[pri:0, instance:testCases.CaseLogin@3104351d]" started-at="2019-12-24T19:10:42 CST" name="close" finished-at="2019-12-24T19:10:42 CST" duration-ms="15" status="PASS">
          <reporter-output>
          </reporter-output>
        </test-method> <!-- close -->
      </class> <!-- testCases.CaseLogin -->
    </test> <!-- C:/Users/bay/IdeaProjects/shoppingOnTaobao/src/main/java/testCases/CaseLogin.java -->
    <test started-at="2019-12-24T19:10:42 CST" name="C:\Users\bay\IdeaProjects\shoppingOnTaobao\src\main\java\testCases\CaseShopping.java" finished-at="2019-12-24T19:10:52 CST" duration-ms="10099">
      <class name="testCases.CaseShopping">
        <test-method is-config="true" signature="init()[pri:0, instance:testCases.CaseShopping@47e4d9d0]" started-at="2019-12-24T19:10:42 CST" name="init" finished-at="2019-12-24T19:10:47 CST" duration-ms="5322" status="PASS">
          <reporter-output>
          </reporter-output>
        </test-method> <!-- init -->
        <test-method signature="shopingCase()[pri:0, instance:testCases.CaseShopping@47e4d9d0]" started-at="2019-12-24T19:10:47 CST" name="shopingCase" finished-at="2019-12-24T19:10:52 CST" duration-ms="4721" status="PASS">
          <reporter-output>
          </reporter-output>
        </test-method> <!-- shopingCase -->
        <test-method is-config="true" signature="close()[pri:0, instance:testCases.CaseShopping@47e4d9d0]" started-at="2019-12-24T19:10:52 CST" name="close" finished-at="2019-12-24T19:10:52 CST" duration-ms="40" status="PASS">
          <reporter-output>
          </reporter-output>
        </test-method> <!-- close -->
      </class> <!-- testCases.CaseShopping -->
    </test> <!-- C:\Users\bay\IdeaProjects\shoppingOnTaobao\src\main\java\testCases\CaseShopping.java -->
  </suite> <!-- All Test Suite -->
</testng-results>
