<?xml version="1.0" encoding="UTF-8"?>
<testng-results ignored="0" total="2" passed="2" failed="0" skipped="0">
  <reporter-output>
  </reporter-output>
  <suite started-at="2019-12-26T11:29:31 CST" name="All Test Suite" finished-at="2019-12-26T11:29:51 CST" duration-ms="19831">
    <groups>
    </groups>
    <test started-at="2019-12-26T11:29:31 CST" name="C:/Users/bay/IdeaProjects/shoppingOnTaobao/src/main/java/testCases/CaseLogin.java" finished-at="2019-12-26T11:29:39 CST" duration-ms="8737">
      <class name="testCases.CaseLogin">
        <test-method is-config="true" signature="init()[pri:0, instance:testCases.CaseLogin@48c3205a]" started-at="2019-12-26T11:29:31 CST" name="init" finished-at="2019-12-26T11:29:33 CST" duration-ms="2431" status="PASS">
          <reporter-output>
          </reporter-output>
        </test-method> <!-- init -->
        <test-method signature="loginCase()[pri:0, instance:testCases.CaseLogin@48c3205a]" started-at="2019-12-26T11:29:33 CST" name="loginCase" finished-at="2019-12-26T11:29:39 CST" duration-ms="6058" status="PASS">
          <reporter-output>
          </reporter-output>
        </test-method> <!-- loginCase -->
        <test-method is-config="true" signature="close()[pri:0, instance:testCases.CaseLogin@48c3205a]" started-at="2019-12-26T11:29:39 CST" name="close" finished-at="2019-12-26T11:29:39 CST" duration-ms="64" status="PASS">
          <reporter-output>
          </reporter-output>
        </test-method> <!-- close -->
      </class> <!-- testCases.CaseLogin -->
    </test> <!-- C:/Users/bay/IdeaProjects/shoppingOnTaobao/src/main/java/testCases/CaseLogin.java -->
    <test started-at="2019-12-26T11:29:40 CST" name="C:\Users\bay\IdeaProjects\shoppingOnTaobao\src\main\java\testCases\CaseShopping.java" finished-at="2019-12-26T11:29:51 CST" duration-ms="10989">
      <class name="testCases.CaseShopping">
        <test-method is-config="true" signature="init()[pri:0, instance:testCases.CaseShopping@f202d6d]" started-at="2019-12-26T11:29:40 CST" name="init" finished-at="2019-12-26T11:29:46 CST" duration-ms="6544" status="PASS">
          <reporter-output>
          </reporter-output>
        </test-method> <!-- init -->
        <test-method signature="shopingCase()[pri:0, instance:testCases.CaseShopping@f202d6d]" started-at="2019-12-26T11:29:46 CST" name="shopingCase" finished-at="2019-12-26T11:29:50 CST" duration-ms="4366" status="PASS">
          <reporter-output>
          </reporter-output>
        </test-method> <!-- shopingCase -->
        <test-method is-config="true" signature="close()[pri:0, instance:testCases.CaseShopping@f202d6d]" started-at="2019-12-26T11:29:51 CST" name="close" finished-at="2019-12-26T11:29:51 CST" duration-ms="66" status="PASS">
          <reporter-output>
          </reporter-output>
        </test-method> <!-- close -->
      </class> <!-- testCases.CaseShopping -->
    </test> <!-- C:\Users\bay\IdeaProjects\shoppingOnTaobao\src\main\java\testCases\CaseShopping.java -->
  </suite> <!-- All Test Suite -->
</testng-results>
